Ejecutando con N = 32768
[INFO] N total pedido = 32768, points_per_cluster = 10922
[ROOT] N_total generado = 32766, size = 8
  Rank 0 recibirá 4096 puntos
  Rank 1 recibirá 4096 puntos
  Rank 2 recibirá 4096 puntos
  Rank 3 recibirá 4096 puntos
  Rank 4 recibirá 4096 puntos
  Rank 5 recibirá 4096 puntos
  Rank 6 recibirá 4095 puntos
  Rank 7 recibirá 4095 puntos
Rank 4 has 4096 points.
Rank 2 has 4096 points.
Rank 5 has 4096 points.
Rank 1 has 4096 points.
Rank 6 has 4095 points.
Rank 3 has 4096 points.
Total points: 32766, MPI size: 8
Rank 0 has 4096 points.
Rank 7 has 4095 points.
[Iter 0] Initial centers:
[[  7.07047479   0.13672621]
 [-11.65212594   8.05733205]
 [  5.55738095  -1.63320696]]
[Iter 1] shift = 4.875506
[Iter 2] shift = 0.764431
[Iter 3] shift = 0.236899
[Iter 4] shift = 0.070596
[Iter 5] shift = 0.018200
[Iter 6] shift = 0.003949
[Iter 7] shift = 0.000396
Converged at iteration 7 with shift=3.959706e-04
K-means Tcomp 0.011712 seconds.
K-means Tcomm 0.101656 seconds.
Final centers:
[[ 7.17870501  3.984553  ]
 [-8.13063656  9.49673899]
 [ 5.46118117 -1.25329931]]
