Ejecutando con N = 131072
[INFO] N total pedido = 131072, points_per_cluster = 43690
[ROOT] N_total generado = 131070, size = 32
  Rank 0 recibirá 4096 puntos
  Rank 1 recibirá 4096 puntos
  Rank 2 recibirá 4096 puntos
  Rank 3 recibirá 4096 puntos
  Rank 4 recibirá 4096 puntos
  Rank 5 recibirá 4096 puntos
  Rank 6 recibirá 4096 puntos
  Rank 7 recibirá 4096 puntos
  Rank 8 recibirá 4096 puntos
  Rank 9 recibirá 4096 puntos
  Rank 10 recibirá 4096 puntos
  Rank 11 recibirá 4096 puntos
  Rank 12 recibirá 4096 puntos
  Rank 13 recibirá 4096 puntos
  Rank 14 recibirá 4096 puntos
  Rank 15 recibirá 4096 puntos
  Rank 16 recibirá 4096 puntos
  Rank 17 recibirá 4096 puntos
  Rank 18 recibirá 4096 puntos
  Rank 19 recibirá 4096 puntos
  Rank 20 recibirá 4096 puntos
  Rank 21 recibirá 4096 puntos
  Rank 22 recibirá 4096 puntos
  Rank 23 recibirá 4096 puntos
  Rank 24 recibirá 4096 puntos
  Rank 25 recibirá 4096 puntos
  Rank 26 recibirá 4096 puntos
  Rank 27 recibirá 4096 puntos
  Rank 28 recibirá 4096 puntos
  Rank 29 recibirá 4096 puntos
  Rank 30 recibirá 4095 puntos
  Rank 31 recibirá 4095 puntos
Rank 1 has 4096 points.
Rank 2 has 4096 points.
Rank 3 has 4096 points.
Rank 5 has 4096 points.
Rank 4 has 4096 points.
Rank 6 has 4096 points.
Rank 7 has 4096 points.
Rank 8 has 4096 points.
Rank 9 has 4096 points.
Rank 10 has 4096 points.
Rank 11 has 4096 points.
Rank 12 has 4096 points.
Rank 13 has 4096 points.
Rank 14 has 4096 points.
Rank 15 has 4096 points.
Rank 16 has 4096 points.
Rank 17 has 4096 points.
Rank 18 has 4096 points.
Rank 19 has 4096 points.
Rank 20 has 4096 points.
Rank 21 has 4096 points.
Rank 22 has 4096 points.
Rank 23 has 4096 points.
Rank 24 has 4096 points.
Rank 25 has 4096 points.
Rank 26 has 4096 points.
Rank 27 has 4096 points.
Rank 28 has 4096 points.
Rank 29 has 4096 points.
Rank 30 has 4095 points.
Total points: 131070, MPI size: 32
Rank 0 has 4096 points.
Rank 31 has 4095 points.
[Iter 0] Initial centers:
[[ 9.45138625  5.33932775]
 [-8.13169738 11.15263301]
 [ 6.07777578 -2.03483166]]
[Iter 1] shift = 3.160163
[Iter 2] shift = 0.291629
[Iter 3] shift = 0.081510
[Iter 4] shift = 0.024841
[Iter 5] shift = 0.007342
[Iter 6] shift = 0.001970
[Iter 7] shift = 0.000733
Converged at iteration 7 with shift=7.334846e-04
K-means Tcomp 0.028723 seconds.
K-means Tcomm 0.301448 seconds.
Final centers:
[[ 7.18147285  3.97625155]
 [-8.12212768  9.52293418]
 [ 5.46321086 -1.27042733]]
