Ejecutando con N = 262144
[INFO] N total pedido = 262144, points_per_cluster = 87381
[ROOT] N_total generado = 262143, size = 8
  Rank 0 recibirá 32768 puntos
  Rank 1 recibirá 32768 puntos
  Rank 2 recibirá 32768 puntos
  Rank 3 recibirá 32768 puntos
  Rank 4 recibirá 32768 puntos
  Rank 5 recibirá 32768 puntos
  Rank 6 recibirá 32768 puntos
  Rank 7 recibirá 32767 puntos
Rank 1 has 32768 points.
Rank 2 has 32768 points.
Rank 3 has 32768 points.
Rank 4 has 32768 points.
Rank 5 has 32768 points.
Rank 6 has 32768 points.
Rank 7 has 32767 points.
Total points: 262143, MPI size: 8
Rank 0 has 32768 points.
[Iter 0] Initial centers:
[[ 5.91771118  6.28705233]
 [-8.58460407  8.785751  ]
 [ 7.34987135 -1.46068028]]
[Iter 1] shift = 2.912214
[Iter 2] shift = 0.526461
[Iter 3] shift = 0.132347
[Iter 4] shift = 0.036025
[Iter 5] shift = 0.011325
[Iter 6] shift = 0.003317
[Iter 7] shift = 0.000627
Converged at iteration 7 with shift=6.265604e-04
K-means Tcomp 0.091985 seconds.
K-means Tcomm 0.143626 seconds.
Final centers:
[[ 7.18448855  3.9883316 ]
 [-8.12433267  9.51446245]
 [ 5.46478902 -1.26799565]]
