Ejecutando con N = 32768
[INFO] N total pedido = 32768, points_per_cluster = 10922
[ROOT] N_total generado = 32766, size = 16
  Rank 0 recibirá 2048 puntos
  Rank 1 recibirá 2048 puntos
  Rank 2 recibirá 2048 puntos
  Rank 3 recibirá 2048 puntos
  Rank 4 recibirá 2048 puntos
  Rank 5 recibirá 2048 puntos
  Rank 6 recibirá 2048 puntos
  Rank 7 recibirá 2048 puntos
  Rank 8 recibirá 2048 puntos
  Rank 9 recibirá 2048 puntos
  Rank 10 recibirá 2048 puntos
  Rank 11 recibirá 2048 puntos
  Rank 12 recibirá 2048 puntos
  Rank 13 recibirá 2048 puntos
  Rank 14 recibirá 2047 puntos
  Rank 15 recibirá 2047 puntos
Rank 1 has 2048 points.
Rank 4 has 2048 points.
Rank 5 has 2048 points.
Rank 3 has 2048 points.
Rank 2 has 2048 points.
Rank 6 has 2048 points.
Rank 7 has 2048 points.
Rank 8 has 2048 points.
Rank 9 has 2048 points.
Rank 10 has 2048 points.
Rank 11 has 2048 points.
Rank 12 has 2048 points.
Rank 13 has 2048 points.
Rank 14 has 2047 points.
Rank 15 has 2047 points.
Total points: 32766, MPI size: 16
Rank 0 has 2048 points.
[Iter 0] Initial centers:
[[  7.07047479   0.13672621]
 [-11.65212594   8.05733205]
 [  5.55738095  -1.63320696]]
[Iter 1] shift = 4.875506
[Iter 2] shift = 0.764431
[Iter 3] shift = 0.236899
[Iter 4] shift = 0.070596
[Iter 5] shift = 0.018200
[Iter 6] shift = 0.003949
[Iter 7] shift = 0.000396
Converged at iteration 7 with shift=3.959706e-04
K-means Tcomp 0.017871 seconds.
K-means Tcomm 0.198347 seconds.
Final centers:
[[ 7.17870501  3.984553  ]
 [-8.13063656  9.49673899]
 [ 5.46118117 -1.25329931]]
