Ejecutando con N = 262144
[INFO] N total pedido = 262144, points_per_cluster = 87381
[ROOT] N_total generado = 262143, size = 32
  Rank 0 recibirá 8192 puntos
  Rank 1 recibirá 8192 puntos
  Rank 2 recibirá 8192 puntos
  Rank 3 recibirá 8192 puntos
  Rank 4 recibirá 8192 puntos
  Rank 5 recibirá 8192 puntos
  Rank 6 recibirá 8192 puntos
  Rank 7 recibirá 8192 puntos
  Rank 8 recibirá 8192 puntos
  Rank 9 recibirá 8192 puntos
  Rank 10 recibirá 8192 puntos
  Rank 11 recibirá 8192 puntos
  Rank 12 recibirá 8192 puntos
  Rank 13 recibirá 8192 puntos
  Rank 14 recibirá 8192 puntos
  Rank 15 recibirá 8192 puntos
  Rank 16 recibirá 8192 puntos
  Rank 17 recibirá 8192 puntos
  Rank 18 recibirá 8192 puntos
  Rank 19 recibirá 8192 puntos
  Rank 20 recibirá 8192 puntos
  Rank 21 recibirá 8192 puntos
  Rank 22 recibirá 8192 puntos
  Rank 23 recibirá 8192 puntos
  Rank 24 recibirá 8192 puntos
  Rank 25 recibirá 8192 puntos
  Rank 26 recibirá 8192 puntos
  Rank 27 recibirá 8192 puntos
  Rank 28 recibirá 8192 puntos
  Rank 29 recibirá 8192 puntos
  Rank 30 recibirá 8192 puntos
  Rank 31 recibirá 8191 puntos
Rank 1 has 8192 points.
Rank 2 has 8192 points.
Rank 3 has 8192 points.
Rank 4 has 8192 points.
Rank 5 has 8192 points.
Rank 6 has 8192 points.
Rank 8 has 8192 points.
Rank 7 has 8192 points.
Rank 9 has 8192 points.
Rank 10 has 8192 points.
Rank 11 has 8192 points.
Rank 12 has 8192 points.
Rank 13 has 8192 points.
Rank 14 has 8192 points.
Rank 16 has 8192 points.
Rank 15 has 8192 points.
Rank 17 has 8192 points.
Rank 18 has 8192 points.
Rank 19 has 8192 points.
Rank 20 has 8192 points.
Rank 21 has 8192 points.
Rank 22 has 8192 points.
Rank 23 has 8192 points.
Rank 24 has 8192 points.
Rank 25 has 8192 points.
Rank 26 has 8192 points.
Rank 27 has 8192 points.
Rank 28 has 8192 points.
Rank 29 has 8192 points.
Rank 30 has 8192 points.
Rank 31 has 8191 points.
Total points: 262143, MPI size: 32
Rank 0 has 8192 points.
[Iter 0] Initial centers:
[[ 5.91771118  6.28705233]
 [-8.58460407  8.785751  ]
 [ 7.34987135 -1.46068028]]
[Iter 1] shift = 2.912214
[Iter 2] shift = 0.526461
[Iter 3] shift = 0.132347
[Iter 4] shift = 0.036025
[Iter 5] shift = 0.011325
[Iter 6] shift = 0.003317
[Iter 7] shift = 0.000627
Converged at iteration 7 with shift=6.265604e-04
K-means Tcomp 0.041245 seconds.
K-means Tcomm 0.312513 seconds.
Final centers:
[[ 7.18448855  3.9883316 ]
 [-8.12433267  9.51446245]
 [ 5.46478902 -1.26799565]]
