Ejecutando con N = 1048576
[INFO] N total pedido = 1048576, points_per_cluster = 349525
[ROOT] N_total generado = 1048575, size = 16
  Rank 0 recibirá 65536 puntos
  Rank 1 recibirá 65536 puntos
  Rank 2 recibirá 65536 puntos
  Rank 3 recibirá 65536 puntos
  Rank 4 recibirá 65536 puntos
  Rank 5 recibirá 65536 puntos
  Rank 6 recibirá 65536 puntos
  Rank 7 recibirá 65536 puntos
  Rank 8 recibirá 65536 puntos
  Rank 9 recibirá 65536 puntos
  Rank 10 recibirá 65536 puntos
  Rank 11 recibirá 65536 puntos
  Rank 12 recibirá 65536 puntos
  Rank 13 recibirá 65536 puntos
  Rank 14 recibirá 65536 puntos
  Rank 15 recibirá 65535 puntos
Rank 1 has 65536 points.
Rank 2 has 65536 points.
Rank 4 has 65536 points.
Rank 3 has 65536 points.
Rank 5 has 65536 points.
Rank 6 has 65536 points.
Rank 7 has 65536 points.
Rank 8 has 65536 points.
Rank 9 has 65536 points.
Rank 10 has 65536 points.
Rank 12 has 65536 points.
Rank 11 has 65536 points.
Rank 13 has 65536 points.
Rank 14 has 65536 points.
Total points: 1048575, MPI size: 16
Rank 0 has 65536 points.
Rank 15 has 65535 points.
[Iter 0] Initial centers:
[[ 8.41065339  3.09484648]
 [-9.95389111  8.06591274]
 [ 3.47349607 -1.9104055 ]]
[Iter 1] shift = 3.207965
[Iter 2] shift = 0.417903
[Iter 3] shift = 0.098907
[Iter 4] shift = 0.028072
[Iter 5] shift = 0.008092
[Iter 6] shift = 0.002374
[Iter 7] shift = 0.000571
Converged at iteration 7 with shift=5.713098e-04
K-means Tcomp 0.149368 seconds.
K-means Tcomm 0.248382 seconds.
Final centers:
[[ 7.18714168  3.98905006]
 [-8.1156305   9.5111557 ]
 [ 5.46187471 -1.26512907]]
